mode: set
TaskManager2/store/task/store.go:16.29,18.2 1 1
TaskManager2/store/task/store.go:20.55,22.16 2 1
TaskManager2/store/task/store.go:22.16,24.3 1 1
TaskManager2/store/task/store.go:26.2,27.17 2 1
TaskManager2/store/task/store.go:27.17,29.3 1 0
TaskManager2/store/task/store.go:31.2,31.16 1 1
TaskManager2/store/task/store.go:34.49,36.16 2 1
TaskManager2/store/task/store.go:36.16,38.3 1 1
TaskManager2/store/task/store.go:40.2,42.18 2 1
TaskManager2/store/task/store.go:42.18,46.18 3 1
TaskManager2/store/task/store.go:46.18,48.4 1 1
TaskManager2/store/task/store.go:50.3,50.27 1 1
TaskManager2/store/task/store.go:53.2,53.23 1 1
TaskManager2/store/task/store.go:53.23,55.3 1 0
TaskManager2/store/task/store.go:57.2,57.19 1 1
TaskManager2/store/task/store.go:60.57,66.16 4 1
TaskManager2/store/task/store.go:66.16,68.3 1 1
TaskManager2/store/task/store.go:70.2,70.16 1 1
TaskManager2/store/task/store.go:73.46,75.16 2 1
TaskManager2/store/task/store.go:75.16,77.3 1 1
TaskManager2/store/task/store.go:79.2,80.16 2 1
TaskManager2/store/task/store.go:80.16,82.3 1 0
TaskManager2/store/task/store.go:84.2,84.15 1 1
TaskManager2/store/task/store.go:84.15,86.3 1 1
TaskManager2/store/task/store.go:88.2,88.12 1 1
TaskManager2/store/task/store.go:91.40,93.16 2 1
TaskManager2/store/task/store.go:93.16,95.3 1 1
TaskManager2/store/task/store.go:97.2,98.16 2 1
TaskManager2/store/task/store.go:98.16,100.3 1 0
TaskManager2/store/task/store.go:102.2,102.15 1 1
TaskManager2/store/task/store.go:102.15,104.3 1 1
TaskManager2/store/task/store.go:106.2,106.12 1 1
